"../../../../../../Users/Jadde/Documents/GitHub/WalkSim/Content/TopDownBP/TopDownBP/TopDownOverview.uasset" 0
"../../../../../../Users/Jadde/Documents/GitHub/WalkSim/Content/Assets/Jad/Char/tpose_anim_Skeleton.uasset" 1
"../../../../../../Users/Jadde/Documents/GitHub/WalkSim/Content/Assets/Jad/Char/anims/idle_anim_Anim.uasset" 2
"../../../../../../Users/Jadde/Documents/GitHub/WalkSim/Content/Assets/Jad/Char/anims/walktext_anim_Anim.uasset" 3
"../../../../../../Users/Jadde/Documents/GitHub/WalkSim/Content/Assets/Jad/Char/anims/idleWalk.uasset" 4
"../../../Engine/Content/EditorBlueprintResources/StandardMacros.uasset" 5
"../../../../../../Users/Jadde/Documents/GitHub/WalkSim/Content/Assets/Jad/Char/anims/char_animBP.uasset" 6
"../../../../../../Users/Jadde/Documents/GitHub/WalkSim/Content/Assets/Jad/Char/text/char_albedo.uasset" 7
"../../../../../../Users/Jadde/Documents/GitHub/WalkSim/Content/Assets/Jad/Char/text/char_normals.uasset" 8
"../../../../../../Users/Jadde/Documents/GitHub/WalkSim/Content/Assets/Jad/Char/text/char_OccRoughMet.uasset" 9
"../../../../../../Users/Jadde/Documents/GitHub/WalkSim/Content/Assets/Jad/Char/text/Char_MAT.uasset" 10
"../../../../../../Users/Jadde/Documents/GitHub/WalkSim/Content/Assets/Jad/Char/tpose_anim_PhysicsAsset.uasset" 11
"../../../../../../Users/Jadde/Documents/GitHub/WalkSim/Content/Assets/Jad/Char/tpose_anim.uasset" 12
"../../../../../../Users/Jadde/Documents/GitHub/WalkSim/Content/TopDownBP/TopDownBP/Blueprints/TopDownCharacter.uasset" 13
"../../../../../../Users/Jadde/Documents/GitHub/WalkSim/Content/TopDownBP/TopDownBP/Blueprints/TopDownController.uasset" 14
"../../../../../../Users/Jadde/Documents/GitHub/WalkSim/Content/TopDownBP/TopDownBP/Blueprints/TopDownGameMode.uasset" 15
"../../../Engine/Content/ArtTools/RenderToTexture/Enums/RenderToTexture_Imposter_Enum.uasset" 16
"../../../Engine/Content/ArtTools/RenderToTexture/Enums/EIntTypes.uasset" 17
"../../../Engine/Content/ArtTools/RenderToTexture/Macros/RenderToTextureFunctionLibrary.uasset" 18
"../../../Engine/Content/ArtTools/RenderToTexture/Enums/EFloatTypes.uasset" 19
"../../../Engine/Content/ArtTools/RenderToTexture/Macros/RenderToTextureMacros.uasset" 20
"../../../Engine/Content/Functions/Engine_MaterialFunctions01/Opacity/CameraDepthFade.uasset" 21
"../../../Engine/Content/EngineMaterials/T_Default_Material_Grid_M.uasset" 22
"../../../Engine/Content/EngineMaterials/T_Default_Material_Grid_N.uasset" 23
"../../../Engine/Content/EngineMaterials/WorldGridMaterial.uasset" 24
"../../../Engine/Content/ArtTools/RenderToTexture/Meshes/S_1_Unit_Plane.uasset" 25
"../../../Engine/Content/EngineMaterials/DefaultMaterial.uasset" 26
"../../../Engine/Content/BasicShapes/Cone.uasset" 27
"../../../Engine/Content/BasicShapes/Cylinder.uasset" 28
"../../../Engine/Content/BasicShapes/Plane.uasset" 29
"../../../Engine/Content/EngineMaterials/DefaultPhysicalMaterial.uasset" 30
"../../../Engine/Content/BufferVisualization/AmbientOcclusion.uasset" 31
"../../../Engine/Content/BufferVisualization/BaseColor.uasset" 32
"../../../Engine/Content/BufferVisualization/CustomDepth.uasset" 33
"../../../Engine/Content/Functions/Engine_MaterialFunctions02/Utility/VectorLength.uasset" 34
"../../../Engine/Content/BufferVisualization/CustomDepthWorldUnits.uasset" 35
"../../../Engine/Content/Functions/Engine_MaterialFunctions02/Utility/BreakOutFloat2Components.uasset" 36
"../../../Engine/Content/Functions/Engine_MaterialFunctions01/Texturing/ScaleUVsByCenter.uasset" 37
"../../../Engine/Content/Functions/Engine_MaterialFunctions02/ScreenResolution.uasset" 38
"../../../Engine/Content/Functions/Engine_MaterialFunctions02/Texturing/ScreenAlignedUVs.uasset" 39
"../../../Engine/Content/Functions/Engine_MaterialFunctions02/Utility/MakeFloat2.uasset" 40
"../../../Engine/Content/Functions/Engine_MaterialFunctions02/Utility/MakeFloat3.uasset" 41
"../../../Engine/Content/EngineMaterials/MiniFont.uasset" 42
"../../../Engine/Content/BufferVisualization/CustomStencil.uasset" 43
"../../../Engine/Content/BufferVisualization/FinalImage.uasset" 44
"../../../Engine/Content/BufferVisualization/LightingModel.uasset" 45
"../../../Engine/Content/BufferVisualization/MaterialAO.uasset" 46
"../../../Engine/Content/BufferVisualization/Metallic.uasset" 47
"../../../Engine/Content/BufferVisualization/Opacity.uasset" 48
"../../../Engine/Content/BufferVisualization/PostTonemapHDRColor.uasset" 49
"../../../Engine/Content/BufferVisualization/PreTonemapHDRColor.uasset" 50
"../../../Engine/Content/BufferVisualization/Roughness.uasset" 51
"../../../Engine/Content/BufferVisualization/SceneColor.uasset" 52
"../../../Engine/Content/BufferVisualization/SceneDepth.uasset" 53
"../../../Engine/Content/BufferVisualization/SceneDepthWorldUnits.uasset" 54
"../../../Engine/Content/BufferVisualization/SeparateTranslucencyA.uasset" 55
"../../../Engine/Content/BufferVisualization/SeparateTranslucencyRGB.uasset" 56
"../../../Engine/Content/BufferVisualization/Specular.uasset" 57
"../../../Engine/Content/BufferVisualization/SubsurfaceColor.uasset" 58
"../../../Engine/Content/BufferVisualization/Velocity.uasset" 59
"../../../Engine/Content/BufferVisualization/WorldNormal.uasset" 60
"../../../Engine/Content/EditorLandscapeResources/DataLayer.uasset" 61
"../../../Engine/Content/EditorLandscapeResources/DefaultAlphaTexture.uasset" 62
"../../../Engine/Content/EditorLandscapeResources/LandscapeGizmoHeight_Mat.uasset" 63
"../../../Engine/Content/EditorLandscapeResources/LandscapeGizmo_Mat.uasset" 64
"../../../Engine/Content/EditorLandscapeResources/LandscapeGizmo_Mat_Copied.uasset" 65
"../../../Engine/Content/EditorLandscapeResources/SplineEditorMeshMat.uasset" 66
"../../../Engine/Content/EditorLandscapeResources/SplineEditorMesh.uasset" 67
"../../../Engine/Content/EditorMaterials/Cross.uasset" 68
"../../../Engine/Content/EditorMaterials/Cross_Mat.uasset" 69
"../../../Engine/Content/EngineMaterials/DefaultDiffuse.uasset" 70
"../../../Engine/Content/Functions/Engine_MaterialFunctions01/Texturing/TextureCropping.uasset" 71
"../../../Engine/Content/Functions/Engine_MaterialFunctions01/Texturing/ComputeMipLevel.uasset" 72
"../../../Engine/Content/Functions/Engine_MaterialFunctions02/ExampleContent/DebugNumberStrip.uasset" 73
"../../../Engine/Content/Functions/Engine_MaterialFunctions02/ExampleContent/Textures/DebugNumberPeriod.uasset" 74
"../../../Engine/Content/Functions/Engine_MaterialFunctions02/Utility/DebugScalarValues.uasset" 75
"../../../Engine/Content/Functions/Engine_MaterialFunctions02/Utility/DebugFloat2Values.uasset" 76
"../../../Engine/Content/Functions/Engine_MaterialFunctions02/ExampleContent/Textures/flipbook.uasset" 77
"../../../Engine/Content/Functions/Engine_MaterialFunctions02/Texturing/FlipBook.uasset" 78
"../../../Engine/Content/Functions/Engine_MaterialFunctions02/Utility/Sign.uasset" 79
"../../../Engine/Content/Functions/Engine_MaterialFunctions02/Utility/Round.uasset" 80
"../../../Engine/Content/EditorResources/T_EditorHelp.uasset" 81
"../../../Engine/Content/EditorMaterials/HelpActorMaterial.uasset" 82
"../../../Engine/Content/EditorMaterials/CompositeARGBLayer.uasset" 83
"../../../Engine/Content/EditorMaterials/TilingAALineIntegral.uasset" 84
"../../../Engine/Content/EditorMaterials/TilingAALineBoxFiltered.uasset" 85
"../../../Engine/Content/Functions/Engine_MaterialFunctions03/Procedurals/ComputeFilterWidth.uasset" 86
"../../../Engine/Content/EditorMaterials/TilingAADots.uasset" 87
"../../../Engine/Content/EngineMaterials/BlendFunc_DefBase.uasset" 88
"../../../Engine/Content/EngineMaterials/BlendFunc_DefBlend.uasset" 89
"../../../Engine/Content/Functions/Engine_MaterialFunctions03/Blends/Blend_Screen.uasset" 90
"../../../Engine/Content/EditorMaterials/TilingAAGrid.uasset" 91
"../../../Engine/Content/EditorMaterials/LevelGridMaterial.uasset" 92
"../../../Engine/Content/EditorMaterials/MakeCompositeARGBLayer.uasset" 93
"../../../Engine/Content/EditorResources/LevelGrid1DStripes.uasset" 94
"../../../Engine/Content/EditorMaterials/TextureGridCascaded1D.uasset" 95
"../../../Engine/Content/EditorMaterials/TextureGridCascaded2D.uasset" 96
"../../../Engine/Content/EditorMaterials/LevelGridMaterial2.uasset" 97
"../../../Engine/Content/EditorMaterials/MAT_Groups_Toggle.uasset" 98
"../../../Engine/Content/EditorMaterials/MAT_Groups_Visibility.uasset" 99
"../../../Engine/Content/EditorMaterials/AntialiasedGridFloor.uasset" 100
"../../../Engine/Content/EditorResources/TilePatine_D.uasset" 101
"../../../Engine/Content/EditorResources/TilePatine_N.uasset" 102
"../../../Engine/Content/EngineMaterials/Grid.uasset" 103
"../../../Engine/Content/EditorMaterials/PersonaFloorMat.uasset" 104
"../../../Engine/Content/EditorMaterials/PhAT_BoneSelectedMaterial.uasset" 105
"../../../Engine/Content/EditorMaterials/PhAT_ElemSelectedMaterial.uasset" 106
"../../../Engine/Content/EditorMaterials/PhAT_NoCollisionMaterial.uasset" 107
"../../../Engine/Content/EditorMaterials/PhAT_UnselectedMaterial.uasset" 108
"../../../Engine/Content/EditorMaterials/PreviewShadowIndicator.uasset" 109
"../../../Engine/Content/EditorMaterials/PreviewShadowIndicatorMaterial.uasset" 110
"../../../Engine/Content/EditorMaterials/TargetIcon.uasset" 111
"../../../Engine/Content/EditorMaterials/Tick.uasset" 112
"../../../Engine/Content/EditorMaterials/Tick_Mat.uasset" 113
"../../../Engine/Content/EditorMaterials/WidgetGridVertexColorMaterial.uasset" 114
"../../../Engine/Content/EditorMaterials/WidgetGridVertexColorMaterial_Ma.uasset" 115
"../../../Engine/Content/EditorMaterials/WidgetMaterial.uasset" 116
"../../../Engine/Content/EditorMaterials/WidgetMaterial_Current.uasset" 117
"../../../Engine/Content/EditorMaterials/WidgetMaterial_X.uasset" 118
"../../../Engine/Content/EditorMaterials/WidgetMaterial_Y.uasset" 119
"../../../Engine/Content/EditorMaterials/WidgetMaterial_Z.uasset" 120
"../../../Engine/Content/EditorMaterials/WidgetVertexColorMaterial.uasset" 121
"../../../Engine/Content/EditorMaterials/MatineeGroups/MAT_ColorTrack.uasset" 122
"../../../Engine/Content/EditorMaterials/MatineeGroups/MAT_Groups_Anim.uasset" 123
"../../../Engine/Content/EditorMaterials/MatineeGroups/MAT_Groups_AudioMaster.uasset" 124
"../../../Engine/Content/EditorMaterials/MatineeGroups/MAT_Groups_Director.uasset" 125
"../../../Engine/Content/EditorMaterials/MatineeGroups/MAT_Groups_Event.uasset" 126
"../../../Engine/Content/EditorMaterials/MatineeGroups/MAT_Groups_Fade.uasset" 127
"../../../Engine/Content/EditorMaterials/MatineeGroups/MAT_Groups_Float.uasset" 128
"../../../Engine/Content/EditorMaterials/MatineeGroups/MAT_Groups_Move.uasset" 129
"../../../Engine/Content/EditorMaterials/MatineeGroups/MAT_Groups_Slomo.uasset" 130
"../../../Engine/Content/EditorMaterials/MatineeGroups/MAT_Groups_Sound.uasset" 131
"../../../Engine/Content/EditorMaterials/MatineeGroups/MAT_Groups_Vector.uasset" 132
"../../../Engine/Content/EditorMaterials/ParticleSystems/PSysThumbnail_NoImage.uasset" 133
"../../../Engine/Content/EditorMaterials/ParticleSystems/PSysThumbnail_OOD.uasset" 134
"../../../Engine/Content/EditorMaterials/Thumbnails/FloorPlaneMaterial.uasset" 135
"../../../Engine/Content/EditorMeshes/EditorCube.uasset" 136
"../../../Engine/Content/EditorMeshes/EditorCylinder.uasset" 137
"../../../Engine/Content/EditorMeshes/EditorPlane.uasset" 138
"../../../Engine/Content/EditorMaterials/Thumbnails/SkySphereMaterial.uasset" 139
"../../../Engine/Content/EditorMeshes/EditorSkySphere.uasset" 140
"../../../Engine/Content/EditorMeshes/EditorSphere.uasset" 141
"../../../Engine/Content/EditorResources/MatineeCam_D.uasset" 142
"../../../Engine/Content/EditorMaterials/MatineeCam_mat.uasset" 143
"../../../Engine/Content/EditorMeshes/MatineeCam_SM.uasset" 144
"../../../Engine/Content/Functions/Engine_MaterialFunctions01/Shading/ConvertFromDiffSpec.uasset" 145
"../../../Engine/Content/EditorMaterials/GridMaterial.uasset" 146
"../../../Engine/Content/EditorMeshes/PhAT_FloorBox.uasset" 147
"../../../Engine/Content/EditorMeshes/PlanarReflectionPlane.uasset" 148
"../../../Engine/Content/EditorMaterials/Camera/CineMat.uasset" 149
"../../../Engine/Content/EditorMaterials/Camera/MI_CineMat_CameraBody.uasset" 150
"../../../Engine/Content/EngineDebugMaterials/M_SimpleOpaque.uasset" 151
"../../../Engine/Content/EditorMaterials/Camera/MI_CineMat_CamViewFinder.uasset" 152
"../../../Engine/Content/EditorMeshes/Camera/SM_CineCam.uasset" 153
"../../../Engine/Content/EditorMaterials/Camera/MI_CineMat_Rig.uasset" 154
"../../../Engine/Content/EditorMeshes/Camera/SM_CraneRig_Arm.uasset" 155
"../../../Engine/Content/EditorMeshes/Camera/SM_CraneRig_Base.uasset" 156
"../../../Engine/Content/EditorMeshes/Camera/SM_CraneRig_Body.uasset" 157
"../../../Engine/Content/EditorMeshes/Camera/SM_CraneRig_Mount.uasset" 158
"../../../Engine/Content/EditorMeshes/Camera/SM_RailRig_Mount.uasset" 159
"../../../Engine/Content/EditorMeshes/Camera/SM_RailRig_Track.uasset" 160
"../../../Engine/Content/EditorMeshes/ColorCalibrator/M_ChromeBall.uasset" 161
"../../../Engine/Content/EditorResources/Bad.uasset" 162
"../../../Engine/Content/EditorResources/BSPVertex.uasset" 163
"../../../Engine/Content/EditorResources/EmptyActor.uasset" 164
"../../../Engine/Content/EditorResources/MatInstActSprite.uasset" 165
"../../../Engine/Content/EditorResources/SceneManager.uasset" 166
"../../../Engine/Content/EditorResources/SmallFont.uasset" 167
"../../../Engine/Content/EditorResources/S_Actor.uasset" 168
"../../../Engine/Content/EditorResources/S_DecalActorIcon.uasset" 169
"../../../Engine/Content/EditorResources/S_Emitter.uasset" 170
"../../../Engine/Content/EditorResources/S_ExpoHeightFog.uasset" 171
"../../../Engine/Content/EditorResources/S_FTest.uasset" 172
"../../../Engine/Content/EditorResources/S_KBSJoint.uasset" 173
"../../../Engine/Content/EditorResources/S_KHinge.uasset" 174
"../../../Engine/Content/EditorResources/S_KPrismatic.uasset" 175
"../../../Engine/Content/EditorResources/S_LevelSequence.uasset" 176
"../../../Engine/Content/EditorResources/S_NavP.uasset" 177
"../../../Engine/Content/EditorResources/S_Note.uasset" 178
"../../../Engine/Content/EditorResources/S_Player.uasset" 179
"../../../Engine/Content/EditorResources/S_PortalActorIcon2.uasset" 180
"../../../Engine/Content/EditorResources/S_RadForce.uasset" 181
"../../../Engine/Content/EditorResources/S_ReflActorIcon.uasset" 182
"../../../Engine/Content/EditorResources/S_SkyAtmosphere.uasset" 183
"../../../Engine/Content/EditorResources/S_Solver.uasset" 184
"../../../Engine/Content/EditorResources/S_Terrain.uasset" 185
"../../../Engine/Content/EditorResources/S_TextRenderActorIcon.uasset" 186
"../../../Engine/Content/EditorResources/S_Thruster.uasset" 187
"../../../Engine/Content/EditorResources/S_Trigger.uasset" 188
"../../../Engine/Content/EditorResources/S_VectorFieldVol.uasset" 189
"../../../Engine/Content/EditorResources/S_WindDirectional.uasset" 190
"../../../Engine/Content/EditorResources/AI/S_NavLink.uasset" 191
"../../../Engine/Content/EditorResources/LightIcons/SkyLight.uasset" 192
"../../../Engine/Content/EditorResources/LightIcons/S_LightDirectional.uasset" 193
"../../../Engine/Content/EditorResources/LightIcons/S_LightDirectionalMove.uasset" 194
"../../../Engine/Content/EditorResources/LightIcons/S_LightError.uasset" 195
"../../../Engine/Content/EditorResources/LightIcons/S_LightPoint.uasset" 196
"../../../Engine/Content/EditorResources/LightIcons/S_LightPointMove.uasset" 197
"../../../Engine/Content/EditorResources/LightIcons/S_LightSpot.uasset" 198
"../../../Engine/Content/EditorResources/LightIcons/S_LightSpotMove.uasset" 199
"../../../Engine/Content/EditorResources/SequenceRecorder/Countdown.uasset" 200
"../../../Engine/Content/EditorResources/SequenceRecorder/RecordingIndicator.uasset" 201
"../../../Engine/Content/EditorResources/Spline/T_Loft_Spline.uasset" 202
"../../../Engine/Content/EditorSounds/Notifications/CompileFailed.uasset" 203
"../../../Engine/Content/EditorSounds/Notifications/CompileFailed_Cue.uasset" 204
"../../../Engine/Content/EditorSounds/Notifications/CompileSuccess.uasset" 205
"../../../Engine/Content/EditorSounds/Notifications/CompileStart_Cue.uasset" 206
"../../../Engine/Content/EditorSounds/Notifications/CompileSuccess_Cue.uasset" 207
"../../../Engine/Content/EngineDamageTypes/DmgTypeBP_Environmental.uasset" 208
"../../../Engine/Content/EngineDebugMaterials/HeatmapGradient.uasset" 209
"../../../Engine/Content/EngineDebugMaterials/BoneWeightMaterial.uasset" 210
"../../../Engine/Content/EngineDebugMaterials/ClothMaterial.uasset" 211
"../../../Engine/Content/EngineDebugMaterials/ClothMaterial_WF.uasset" 212
"../../../Engine/Content/EngineDebugMaterials/DebugEditorMaterial.uasset" 213
"../../../Engine/Content/EngineDebugMaterials/DebugMeshMaterial.uasset" 214
"../../../Engine/Content/EngineDebugMaterials/GeomMaterial.uasset" 215
"../../../Engine/Content/EngineDebugMaterials/LevelColorationLitMaterial.uasset" 216
"../../../Engine/Content/EngineDebugMaterials/LevelColorationUnlitMaterial.uasset" 217
"../../../Engine/Content/EngineMaterials/DefaultWhiteGrid.uasset" 218
"../../../Engine/Content/EngineDebugMaterials/MAT_LevelColorationLitLightmapUV.uasset" 219
"../../../Engine/Content/EngineDebugMaterials/M_SimpleTranslucent.uasset" 220
"../../../Engine/Content/Functions/Engine_MaterialFunctions02/Utility/CameraDirectionVector.uasset" 221
"../../../Engine/Content/EngineDebugMaterials/VolumeToRender.uasset" 222
"../../../Engine/Content/EngineDebugMaterials/M_VolumeRenderSphereTracePP.uasset" 223
"../../../Engine/Content/EngineDebugMaterials/ShadedLevelColorationLitMaterial.uasset" 224
"../../../Engine/Content/EngineDebugMaterials/ShadedLevelColorationUnlitMateri.uasset" 225
"../../../Engine/Content/EngineDebugMaterials/VertexColorMaterial.uasset" 226
"../../../Engine/Content/EngineDebugMaterials/VertexColorViewMode_AlphaAsColor.uasset" 227
"../../../Engine/Content/EngineDebugMaterials/VertexColorViewMode_BlueOnly.uasset" 228
"../../../Engine/Content/EngineDebugMaterials/VertexColorViewMode_ColorOnly.uasset" 229
"../../../Engine/Content/EngineDebugMaterials/VertexColorViewMode_GreenOnly.uasset" 230
"../../../Engine/Content/EngineDebugMaterials/VertexColorViewMode_RedOnly.uasset" 231
"../../../Engine/Content/EngineDebugMaterials/WireframeMaterial.uasset" 232
"../../../Engine/Content/EngineFonts/Faces/DroidSansFallback.uasset" 233
"../../../Engine/Content/EngineFonts/Faces/RobotoBold.uasset" 234
"../../../Engine/Content/EngineFonts/Faces/RobotoBoldItalic.uasset" 235
"../../../Engine/Content/EngineFonts/Faces/RobotoItalic.uasset" 236
"../../../Engine/Content/EngineFonts/Faces/RobotoLight.uasset" 237
"../../../Engine/Content/EngineFonts/Faces/RobotoRegular.uasset" 238
"../../../Engine/Content/EngineFonts/Roboto.uasset" 239
"../../../Engine/Content/EngineFonts/Faces/RobotoTiny.uasset" 240
"../../../Engine/Content/EngineFonts/RobotoTiny.uasset" 241
"../../../Engine/Content/EngineFonts/SmallFont.uasset" 242
"../../../Engine/Content/EngineFonts/TinyFont.uasset" 243
"../../../Engine/Content/EngineMaterials/BaseFlattenDiffuseMap.uasset" 244
"../../../Engine/Content/EngineMaterials/BaseFlattenEmissiveMap.uasset" 245
"../../../Engine/Content/EngineMaterials/BaseFlattenGrayscaleMap.uasset" 246
"../../../Engine/Content/EngineMaterials/BaseFlattenNormalMap.uasset" 247
"../../../Engine/Content/EngineMaterials/BaseFlattenMaterial.uasset" 248
"../../../Engine/Content/EngineResources/WhiteSquareTexture.uasset" 249
"../../../Engine/Content/EngineMaterials/BlinkingCaret.uasset" 250
"../../../Engine/Content/EngineMaterials/BlueNoise.uasset" 251
"../../../Engine/Content/EngineMaterials/DefaultBloomKernel.uasset" 252
"../../../Engine/Content/EngineMaterials/DefaultBokeh.uasset" 253
"../../../Engine/Content/EngineMaterials/DefaultDeferredDecalMaterial.uasset" 254
"../../../Engine/Content/EngineMaterials/DefaultLightFunctionMaterial.uasset" 255
"../../../Engine/Content/EngineMaterials/DefaultNormal.uasset" 256
"../../../Engine/Content/EngineMaterials/DefaultPostProcessMaterial.uasset" 257
"../../../Engine/Content/EngineFonts/RobotoDistanceField.uasset" 258
"../../../Engine/Content/EngineMaterials/DefaultTextMaterialOpaque.uasset" 259
"../../../Engine/Content/EngineMaterials/DefaultVirtualTextureMaterial.uasset" 260
"../../../Engine/Content/EngineMaterials/EditorBrushMaterial.uasset" 261
"../../../Engine/Content/EngineMaterials/DefaultWhiteGrid_Low.uasset" 262
"../../../Engine/Content/EngineMaterials/EmissiveMeshMaterial.uasset" 263
"../../../Engine/Content/EngineMaterials/GizmoMaterial.uasset" 264
"../../../Engine/Content/EngineMaterials/Good64x64TilingNoiseHighFreq.uasset" 265
"../../../Engine/Content/EngineMaterials/Grid_N.uasset" 266
"../../../Engine/Content/EngineMaterials/HairColorMap.uasset" 267
"../../../Engine/Content/EngineMaterials/HairDebugColor.uasset" 268
"../../../Engine/Content/EngineMaterials/HairDebugMaterial.uasset" 269
"../../../Engine/Content/EngineMaterials/HairDefaultMaterial.uasset" 270
"../../../Engine/Content/EngineMaterials/HighResolutionScreenshotMaskFunction.uasset" 271
"../../../Engine/Content/EngineMaterials/HighResScreenshot.uasset" 272
"../../../Engine/Content/EngineMaterials/HighResScreenshotCaptureRegion.uasset" 273
"../../../Engine/Content/EngineMaterials/HighResScreenshotMask.uasset" 274
"../../../Engine/Content/EngineMaterials/LandscapeHolePhysicalMaterial.uasset" 275
"../../../Engine/Content/EngineMaterials/InvalidLightmapSettings.uasset" 276
"../../../Engine/Content/EngineMaterials/M_InvalidLightmapSettings.uasset" 277
"../../../Engine/Content/EngineMaterials/PaperDiffuse.uasset" 278
"../../../Engine/Content/EngineMaterials/PaperNormal.uasset" 279
"../../../Engine/Content/Functions/Engine_MaterialFunctions02/WorldPositionOffset/CameraOffset.uasset" 280
"../../../Engine/Content/EngineMaterials/PhAT_JointLimitMaterial.uasset" 281
"../../../Engine/Content/EngineMaterials/PhysMat_Rubber.uasset" 282
"../../../Engine/Content/EngineMaterials/PreintegratedSkinBRDF.uasset" 283
"../../../Engine/Content/EngineMaterials/RemoveSurfaceMaterial.uasset" 284
"../../../Engine/Content/EngineMaterials/WeightMapPlaceholderTexture.uasset" 285
"../../../Engine/Content/Functions/Engine_MaterialFunctions01/ImageAdjustment/sRGBToLinear.uasset" 286
"../../../Engine/Content/Functions/Engine_MaterialFunctions02/Utility/BreakOutFloat3Components.uasset" 287
"../../../Engine/Content/EngineMaterials/Widget3DCameraPassThrough_Opaque_OneSided.uasset" 288
"../../../Engine/Content/EngineMaterials/Widget3DPassThrough.uasset" 289
"../../../Engine/Content/EngineMaterials/Widget3DPassThrough_Masked.uasset" 290
"../../../Engine/Content/EngineMaterials/Widget3DPassThrough_Opaque.uasset" 291
"../../../Engine/Content/EngineMaterials/Widget3DPassThrough_Masked_OneSided.uasset" 292
"../../../Engine/Content/EngineMaterials/Widget3DPassThrough_Opaque_OneSided.uasset" 293
"../../../Engine/Content/EngineMaterials/Widget3DPassThrough_Translucent.uasset" 294
"../../../Engine/Content/EngineMaterials/Widget3DPassThrough_Translucent_OneSided.uasset" 295
"../../../Engine/Content/EngineMeshes/Cube.uasset" 296
"../../../Engine/Content/EngineMeshes/Cylinder.uasset" 297
"../../../Engine/Content/EngineMeshes/Sphere.uasset" 298
"../../../Engine/Content/EngineResources/Black.uasset" 299
"../../../Engine/Content/EngineResources/DefaultTexture.uasset" 300
"../../../Engine/Content/EngineResources/DefaultTextureCube.uasset" 301
"../../../Engine/Content/EngineResources/DefaultVolumeTexture2D.uasset" 302
"../../../Engine/Content/EngineResources/DefaultVolumeTexture.uasset" 303
"../../../Engine/Content/EngineResources/GradientTexture0.uasset" 304
"../../../Engine/Content/EngineResources/StreamingPauseIcon.uasset" 305
"../../../Engine/Content/EngineResources/M_StreamingPause.uasset" 306
"../../../Engine/Content/EngineSounds/Master.uasset" 307
"../../../Engine/Content/Functions/Engine_MaterialFunctions01/Shading/PowerToRoughness.uasset" 308
"../../../Engine/Content/Maps/Templates/Thumbnails/Default.uasset" 309
"../../../Engine/Content/Maps/Templates/Thumbnails/TimeOfDay.uasset" 310
"../../../Engine/Content/Maps/Templates/Thumbnails/VR-Basic.uasset" 311
"../../../Engine/Content/MapTemplates/Sky/DaylightAmbientCubemap.uasset" 312
"../../../Engine/Content/MobileResources/T_MobileControls_texture.uasset" 313
"../../../Engine/Content/MobileResources/T_MobileMenu2.uasset" 314
"../../../Engine/Content/MobileResources/HUD/AnalogHat.uasset" 315
"../../../Engine/Content/MobileResources/HUD/VirtualJoystick_Background.uasset" 316
"../../../Engine/Content/MobileResources/HUD/VirtualJoystick_Thumb.uasset" 317
"../../../Engine/Content/MobileResources/HUD/DefaultVirtualJoysticks.uasset" 318
"../../../Engine/Content/MobileResources/HUD/LeftVirtualJoystickOnly.uasset" 319
"../../../Engine/Content/MobileResources/HUD/MobileHUDButton1_off.uasset" 320
"../../../Engine/Content/MobileResources/HUD/MobileHUDButton1_on.uasset" 321
"../../../Engine/Content/MobileResources/HUD/MobileHUDButton2_off.uasset" 322
"../../../Engine/Content/MobileResources/HUD/MobileHUDButton2_on.uasset" 323
"../../../Engine/Content/MobileResources/HUD/MobileHUDButton3.uasset" 324
"../../../Engine/Content/MobileResources/HUD/MobileHUDButtonFire.uasset" 325
"../../../Engine/Content/MobileResources/HUD/MobileHUDDirectionPad.uasset" 326
"../../../Engine/Content/MobileResources/HUD/MobileHUDDirectionPad2.uasset" 327
"../../../Engine/Content/MobileResources/HUD/MobileHUDDirectionPad3.uasset" 328
"../../../Engine/Content/MobileResources/HUD/MobileHUDDirectionStick.uasset" 329
"../../../Engine/Content/MobileResources/HUD/T_Castle_ThumbstickInner.uasset" 330
"../../../Engine/Content/MobileResources/HUD/T_Castle_ThumbstickOutter.uasset" 331
"../../../Engine/Content/Tutorial/ContentIntroCurve.uasset" 332
"../../../Engine/Content/Tutorial/Basics/ContentBrowserOverview.uasset" 333
"../../../Engine/Content/Tutorial/Basics/FeaturePacks.uasset" 334
"../../../Engine/Content/Tutorial/Basics/LevelEditorAttract.uasset" 335
"../../../Engine/Content/Tutorial/Basics/TutorialAssets/icon_tab_Levels_40x.uasset" 336
"../../../Engine/Content/Tutorial/Basics/LevelEditorOverview.uasset" 337
"../../../Engine/Content/Tutorial/Basics/TutorialAssets/CameraActor_64x.uasset" 338
"../../../Engine/Content/Tutorial/Basics/ViewportsTutorial.uasset" 339
"../../../Engine/Content/Tutorial/BlueprintTutorials/TutorialAssets/Blueprint_64x.uasset" 340
"../../../Engine/Content/Tutorial/BlueprintTutorials/BlueprintEditorTutorial.uasset" 341
"../../../Engine/Content/Tutorial/BlueprintTutorials/TutorialAssets/BlueprintInterface_64x.uasset" 342
"../../../Engine/Content/Tutorial/BlueprintTutorials/BlueprintInterfacesEditorOverview.uasset" 343
"../../../Engine/Content/Tutorial/BlueprintTutorials/TutorialAssets/BlueprintMacroLibrary_64x.uasset" 344
"../../../Engine/Content/Tutorial/BlueprintTutorials/BlueprintMacroLibrariesEditorOverview.uasset" 345
"../../../Engine/Content/Tutorial/BlueprintTutorials/ClassBlueprintsEditorOverview.uasset" 346
"../../../Engine/Content/Tutorial/BlueprintTutorials/LevelBlueprintEditorOverview.uasset" 347
"../../../Engine/Content/EditorBlueprintResources/ActorMacros.uasset" 348
"../../../Engine/Content/Tutorial/BlueprintTutorials/TutorialAssets/Tutorial_BP_Class.uasset" 349
"../../../Engine/Content/Tutorial/BlueprintTutorials/TutorialAssets/Tutorial_BP_Interface.uasset" 350
"../../../Engine/Content/Tutorial/BlueprintTutorials/TutorialAssets/Tutorial_BP_MacroLib.uasset" 351
"../../../Engine/Content/Tutorial/Code/AddingCode.uasset" 352
"../../../Engine/Content/Tutorial/Foliage/TutorialAssets/Foliage.uasset" 353
"../../../Engine/Content/Tutorial/Foliage/FoliageWalkThrough.uasset" 354
"../../../Engine/Content/Tutorial/Foliage/Foliage_Intro_Tutorial.uasset" 355
"../../../Engine/Content/Tutorial/Foliage/Foliage_Settings_Tutorial.uasset" 356
"../../../Engine/Content/Tutorial/Foliage/Foliage_Using_The_Tool_Tutorial.uasset" 357
"../../../Engine/Content/Tutorial/Installation/InstallingVisualStudioTutorial.uasset" 358
"../../../Engine/Content/Tutorial/Installation/InstallingXCodeTutorial.uasset" 359
"../../../Engine/Content/Tutorial/InWorldBlueprintEditing/IWBE_Tutorial.uasset" 360
"../../../Engine/Content/Tutorial/InWorldBlueprintEditing/IWBE_Tutorial_Part2.uasset" 361
"../../../Engine/Content/Tutorial/InWorldBlueprintEditing/IWBE_Tutorial_Part3.uasset" 362
"../../../Engine/Content/Tutorial/InWorldBlueprintEditing/TutorialAssets/IWBE_Bridge1.uasset" 363
"../../../Engine/Content/Tutorial/InWorldBlueprintEditing/TutorialAssets/IWBE_Bridge2.uasset" 364
"../../../Engine/Content/Tutorial/Landscape/TutorialAssets/Landscape.uasset" 365
"../../../Engine/Content/Tutorial/Landscape/LandscapeWalkThrough.uasset" 366
"../../../Engine/Content/Tutorial/Landscape/Landscape_Manage_Mode.uasset" 367
"../../../Engine/Content/Tutorial/Landscape/Landscape_Painting_Mode.uasset" 368
"../../../Engine/Content/Tutorial/Landscape/Landscape_Sculpt_Mode.uasset" 369
"../../../Engine/Content/Tutorial/Mobile/TutorialAssets/IOS.uasset" 370
"../../../Engine/Content/Tutorial/Mobile/CreatingSigningCertAndProvisionTutorial.uasset" 371
"../../../Engine/Content/Tutorial/Mobile/InstallingiTunesTutorial.uasset" 372
"../../../Engine/Content/Tutorial/Mobile/TutorialAssets/android_Icon.uasset" 373
"../../../Engine/Content/Tutorial/Mobile/SettingUpAndroidTutorial.uasset" 374
"../../../Engine/Content/Tutorial/Mobile/SettingUpLuminTutorial.uasset" 375
"../../../Engine/Content/Tutorial/Paper2D/TutorialAssets/Paper2DFlipbook_TutorialIcon.uasset" 376
"../../../Engine/Content/Tutorial/Paper2D/FlipbookEditorTutorial.uasset" 377
"../../../Engine/Content/Tutorial/Paper2D/TutorialAssets/Paper2DSprite_TutorialIcon.uasset" 378
"../../../Engine/Content/Tutorial/Paper2D/SpriteEditorTutorial.uasset" 379
"../../../Engine/Content/Tutorial/SubEditors/GettingSubstance.uasset" 380
"../../../Engine/Content/Tutorial/SubEditors/MaterialEditorTutorial.uasset" 381
"../../../Engine/Content/Tutorial/SubEditors/ParticleSystemEditorTutorial.uasset" 382
"../../../Engine/Content/Tutorial/SubEditors/TutorialAssets/icon_ShowSkeletalMeshes_40x.uasset" 383
"../../../Engine/Content/Tutorial/SubEditors/PersonaAnimBlueprintEditorWalkthrough.uasset" 384
"../../../Engine/Content/Tutorial/SubEditors/PersonaAnimEditorWalkthrough.uasset" 385
"../../../Engine/Content/Tutorial/SubEditors/PersonaWalkthrough.uasset" 386
"../../../Engine/Content/Tutorial/SubEditors/SkeletalMeshEditorWalkthrough.uasset" 387
"../../../Engine/Content/Tutorial/SubEditors/SkeletonModeWalkthrough.uasset" 388
"../../../Engine/Content/Tutorial/SubEditors/StaticMeshEditorTutorial.uasset" 389
"../../../Engine/Content/Tutorial/SubEditors/TutorialAssets/icon_Editor_Preferences_General_40x.uasset" 390
"../../../Engine/Content/Tutorial/SubEditors/TutorialAssets/TutorialMaterial.uasset" 391
"../../../Engine/Content/Tutorial/SubEditors/TutorialAssets/T_SmokeSubUV_8X8.uasset" 392
"../../../Engine/Content/Tutorial/SubEditors/TutorialAssets/T_soft_smoke.uasset" 393
"../../../Engine/Content/Tutorial/SubEditors/TutorialAssets/M_smoke_subUV_blackbody.uasset" 394
"../../../Engine/Content/Tutorial/SubEditors/TutorialAssets/TutorialParticleSystem.uasset" 395
"../../../Engine/Content/VREditor/LaserPointer/VR_LaserPower_01.uasset" 396
"../../../Engine/Content/VREditor/TransformGizmo/TransformGizmoMaterial.uasset" 397
"../../../Engine/Content/VREditor/TransformGizmo/TranslucentTransformGizmoMaterial.uasset" 398
"../../../Engine/Content/VREditor/TransformGizmo/BoundingBoxCorner.uasset" 399
"../../../Engine/Content/VREditor/TransformGizmo/BoundingBoxEdge.uasset" 400
"../../../Engine/Content/VREditor/TransformGizmo/PlaneTranslationHandle.uasset" 401
"../../../Engine/Content/VREditor/TransformGizmo/Main.uasset" 402
"../../../Engine/Content/VREditor/TransformGizmo/Xray.uasset" 403
"../../../Engine/Content/VREditor/TransformGizmo/SM_Sequencer_Key.uasset" 404
"../../../Engine/Content/VREditor/TransformGizmo/SM_Sequencer_Node.uasset" 405
"../../../../../../Users/Jadde/Documents/GitHub/WalkSim/Content/Assets/Viki/VIKI_Torch_LOW_OBJ.uasset" 406
"../../../../../../Users/Jadde/Documents/GitHub/WalkSim/Content/Assets/Viki/VIKI_Torch_Small_LOW_OBJ.uasset" 407
"../../../../../../Users/Jadde/Documents/GitHub/WalkSim/Content/Blueprints/Char_Main_script/Main_char_animBP.uasset" 408
"../../../../../../Users/Jadde/Documents/GitHub/WalkSim/Content/Blueprints/Char_Main_script/MainChar_BP.uasset" 409
"../../../../../../Users/Jadde/Documents/GitHub/WalkSim/Content/Janessa/Assets/Modular_Assets/JAN_FloorA_OBJ.uasset" 410
"../../../../../../Users/Jadde/Documents/GitHub/WalkSim/Content/Janessa/Assets/Modular_Assets/JAN_PillarA_OBJ.uasset" 411
"../../../../../../Users/Jadde/Documents/GitHub/WalkSim/Content/Janessa/Assets/Modular_Assets/Area2_ModularAssets/JAN_ArchD_OBJ.uasset" 412
"../../../../../../Users/Jadde/Documents/GitHub/WalkSim/Content/Janessa/Assets/Modular_Assets/Area2_ModularAssets/JAN_ArchMainTOP_OBJ.uasset" 413
"../../../../../../Users/Jadde/Documents/GitHub/WalkSim/Content/Janessa/Assets/Modular_Assets/Area2_ModularAssets/JAN_ArchMain_OBJ.uasset" 414
"../../../../../../Users/Jadde/Documents/GitHub/WalkSim/Content/Janessa/Assets/Modular_Assets/Area2_ModularAssets/JAN_PillarA_Mid_OBJ.uasset" 415
"../../../../../../Users/Jadde/Documents/GitHub/WalkSim/Content/Janessa/Assets/Modular_Assets/Area2_ModularAssets/JAN_PillarA_OBJ.uasset" 416
"../../../../../../Users/Jadde/Documents/GitHub/WalkSim/Content/Janessa/Assets/Modular_Assets/Area2_ModularAssets/JAN_PillarD_OBJ.uasset" 417
"../../../../../../Users/Jadde/Documents/GitHub/WalkSim/Content/Janessa/Assets/Modular_Assets/Area2_ModularAssets/JAN_PillarEND_OBJ.uasset" 418
"../../../../../../Users/Jadde/Documents/GitHub/WalkSim/Content/Janessa/Assets/Modular_Assets/Area2_ModularAssets/JAN_PillarFILLB_OBJ.uasset" 419
"../../../../../../Users/Jadde/Documents/GitHub/WalkSim/Content/Janessa/Assets/Modular_Assets/Area2_ModularAssets/JAN_PILLARFILLC_OBJ.uasset" 420
"../../../../../../Users/Jadde/Documents/GitHub/WalkSim/Content/Janessa/Assets/Modular_Assets/Area2_ModularAssets/JAN_PillarFILL_OBJ.uasset" 421
"../../../../../../Users/Jadde/Documents/GitHub/WalkSim/Content/Janessa/Assets/Modular_Assets/Area2_ModularAssets/JAN_Pillar_MAINBleft_OBJ.uasset" 422
"../../../../../../Users/Jadde/Documents/GitHub/WalkSim/Content/Janessa/Assets/Modular_Assets/Area2_ModularAssets/JAN_Pillar_MAINBright_OBJ.uasset" 423
"../../../../../../Users/Jadde/Documents/GitHub/WalkSim/Content/Janessa/Assets/Modular_Assets/Area2_ModularAssets/JAN_Pipe_OBJ.uasset" 424
"../../../../../../Users/Jadde/Documents/GitHub/WalkSim/Content/Janessa/Assets/Modular_Assets/Area2_ModularAssets/JAN_StaircaseWall_OBJ.uasset" 425
"../../../../../../Users/Jadde/Documents/GitHub/WalkSim/Content/Janessa/Assets/Modular_Assets/Area2_ModularAssets/JAN_TelescopeHIGH_OBJ.uasset" 426
"../../../../../../Users/Jadde/Documents/GitHub/WalkSim/Content/Janessa/Assets/Modular_Assets/Area2_ModularAssets/JAN_WallA_OBJ.uasset" 427
"../../../../../../Users/Jadde/Documents/GitHub/WalkSim/Content/Janessa/Assets/Modular_Assets/Area2_ModularAssets/JAN_WallB_OBJ.uasset" 428
"../../../../../../Users/Jadde/Documents/GitHub/WalkSim/Content/Janessa/Assets/Modular_Assets/Area2_ModularAssets/JAN_WallC_OBJ.uasset" 429
"../../../../../../Users/Jadde/Documents/GitHub/WalkSim/Content/Janessa/Assets/Modular_Assets/Area2_ModularAssets/JAN_WallD_OBJ.uasset" 430
"../../../../../../Users/Jadde/Documents/GitHub/WalkSim/Content/Janessa/Assets/Modular_Assets/Area2_ModularAssets/JAN_WallE_OBJ.uasset" 431
"../../../../../../Users/Jadde/Documents/GitHub/WalkSim/Content/Mannequin/Character/Mesh/UE4_Mannequin_Skeleton.uasset" 432
"../../../../../../Users/Jadde/Documents/GitHub/WalkSim/Content/Mannequin/Animations/ThirdPerson_Jump.uasset" 433
"../../../../../../Users/Jadde/Documents/GitHub/WalkSim/Content/Mannequin/Animations/ThirdPersonJump_Loop.uasset" 434
"../../../../../../Users/Jadde/Documents/GitHub/WalkSim/Content/Mannequin/Animations/ThirdPersonJump_Start.uasset" 435
"../../../../../../Users/Jadde/Documents/GitHub/WalkSim/Content/Mannequin/Animations/ThirdPersonIdle.uasset" 436
"../../../../../../Users/Jadde/Documents/GitHub/WalkSim/Content/Mannequin/Animations/ThirdPersonRun.uasset" 437
"../../../../../../Users/Jadde/Documents/GitHub/WalkSim/Content/Mannequin/Animations/ThirdPersonWalk.uasset" 438
"../../../../../../Users/Jadde/Documents/GitHub/WalkSim/Content/Mannequin/Animations/ThirdPerson_IdleRun_2D.uasset" 439
"../../../../../../Users/Jadde/Documents/GitHub/WalkSim/Content/Mannequin/Animations/ThirdPerson_AnimBP.uasset" 440
"../../../Engine/Content/Functions/Engine_MaterialFunctions02/Utility/BlendAngleCorrectedNormals.uasset" 441
"../../../Engine/Content/Functions/MaterialLayerFunctions/MatLayerBlend_NormalBlend.uasset" 442
"../../../Engine/Content/Functions/MaterialLayerFunctions/MatLayerBlend_Simple.uasset" 443
"../../../../../../Users/Jadde/Documents/GitHub/WalkSim/Content/Mannequin/Character/Materials/MaterialLayers/T_ML_Rubber_Blue_01_D.uasset" 444
"../../../../../../Users/Jadde/Documents/GitHub/WalkSim/Content/Mannequin/Character/Materials/MaterialLayers/T_ML_Rubber_Blue_01_N.uasset" 445
"../../../../../../Users/Jadde/Documents/GitHub/WalkSim/Content/Mannequin/Character/Materials/MaterialLayers/ML_GlossyBlack_Latex_UE4.uasset" 446
"../../../../../../Users/Jadde/Documents/GitHub/WalkSim/Content/Mannequin/Character/Materials/MaterialLayers/ML_Plastic_Shiny_Beige.uasset" 447
"../../../../../../Users/Jadde/Documents/GitHub/WalkSim/Content/Mannequin/Character/Textures/UE4_LOGO_CARD.uasset" 448
"../../../../../../Users/Jadde/Documents/GitHub/WalkSim/Content/Mannequin/Character/Materials/MaterialLayers/ML_Plastic_Shiny_Beige_LOGO.uasset" 449
"../../../../../../Users/Jadde/Documents/GitHub/WalkSim/Content/Mannequin/Character/Materials/MaterialLayers/T_ML_Aluminum01.uasset" 450
"../../../../../../Users/Jadde/Documents/GitHub/WalkSim/Content/Mannequin/Character/Materials/MaterialLayers/T_ML_Aluminum01_N.uasset" 451
"../../../../../../Users/Jadde/Documents/GitHub/WalkSim/Content/Mannequin/Character/Materials/MaterialLayers/ML_SoftMetal_UE4.uasset" 452
"../../../../../../Users/Jadde/Documents/GitHub/WalkSim/Content/Mannequin/Character/Textures/UE4_Mannequin__normals.uasset" 453
"../../../../../../Users/Jadde/Documents/GitHub/WalkSim/Content/Mannequin/Character/Textures/UE4_Mannequin_MAT_MASKA.uasset" 454
"../../../../../../Users/Jadde/Documents/GitHub/WalkSim/Content/Mannequin/Character/Materials/M_UE4Man_Body.uasset" 455
"../../../../../../Users/Jadde/Documents/GitHub/WalkSim/Content/Mannequin/Character/Textures/UE4Man_Logo_N.uasset" 456
"../../../../../../Users/Jadde/Documents/GitHub/WalkSim/Content/Mannequin/Character/Materials/M_UE4Man_ChestLogo.uasset" 457
"../../../../../../Users/Jadde/Documents/GitHub/WalkSim/Content/Mannequin/Character/Mesh/SK_Mannequin_PhysicsAsset.uasset" 458
"../../../../../../Users/Jadde/Documents/GitHub/WalkSim/Content/Mannequin/Character/Mesh/SK_Mannequin.uasset" 459
"../../../../../../Users/Jadde/Documents/GitHub/WalkSim/Content/Materials/Area2_Pipes.uasset" 460
"../../../../../../Users/Jadde/Documents/GitHub/WalkSim/Content/Materials/BedroomStairs_MAT.uasset" 461
"../../../../../../Users/Jadde/Documents/GitHub/WalkSim/Content/Materials/Carpet03_MAT.uasset" 462
"../../../../../../Users/Jadde/Documents/GitHub/WalkSim/Content/Materials/HideFunction_mat.uasset" 463
"../../../../../../Users/Jadde/Documents/GitHub/WalkSim/Content/Materials/MasterClass_hide.uasset" 464
"../../../../../../Users/Jadde/Documents/GitHub/WalkSim/Content/Materials/MasterClass_hide_Area2Wall_Inst.uasset" 465
"../../../../../../Users/Jadde/Documents/GitHub/WalkSim/Content/Textures/JAN_CinderBlockWall_TEXT/JAN_FloorA_LOW_lambert2_BaseColor.uasset" 466
"../../../../../../Users/Jadde/Documents/GitHub/WalkSim/Content/Textures/JAN_CinderBlockWall_TEXT/JAN_FloorA_LOW_lambert2_Normal.uasset" 467
"../../../../../../Users/Jadde/Documents/GitHub/WalkSim/Content/Textures/JAN_CinderBlockWall_TEXT/JAN_FloorA_LOW_lambert2_OcclusionRoughnessMetallic.uasset" 468
"../../../../../../Users/Jadde/Documents/GitHub/WalkSim/Content/Materials/Stone_MAT.uasset" 469
"../../../../../../Users/Jadde/Documents/GitHub/WalkSim/Content/Materials/Floor_MAT/Area2_Floor1_MAT.uasset" 470
"../../../../../../Users/Jadde/Documents/GitHub/WalkSim/Content/Materials/Metalic_MAT/Generator_bake_f_ao.uasset" 471
"../../../../../../Users/Jadde/Documents/GitHub/WalkSim/Content/Materials/Metalic_MAT/Generator_bake_f_normal.uasset" 472
"../../../../../../Users/Jadde/Documents/GitHub/WalkSim/Content/Materials/Metalic_MAT/Handle_MAT.uasset" 473
"../../../../../../Users/Jadde/Documents/GitHub/WalkSim/Content/Materials/Metalic_MAT/Handle_Secondary_MAT.uasset" 474
"../../../../../../Users/Jadde/Documents/GitHub/WalkSim/Content/Materials/Metalic_MAT/Main_MAT.uasset" 475
"../../../../../../Users/Jadde/Documents/GitHub/WalkSim/Content/Materials/Metalic_MAT/Meter_Outer_MAT.uasset" 476
"../../../../../../Users/Jadde/Documents/GitHub/WalkSim/Content/Materials/Metalic_MAT/Pipes_MAT.uasset" 477
"../../../../../../Users/Jadde/Documents/GitHub/WalkSim/Content/Materials/Wall_MAT/Area2_Wall_MAT.uasset" 478
"../../../../../../Users/Jadde/Documents/GitHub/WalkSim/Content/SmartSplineGen/Blueprints/InternalLogic/MeshToSpawnAlong.uasset" 479
"../../../../../../Users/Jadde/Documents/GitHub/WalkSim/Content/SmartSplineGen/Blueprints/BridgeCurves/BridgeCurve3.uasset" 480
"../../../../../../Users/Jadde/Documents/GitHub/WalkSim/Content/SmartSplineGen/Blueprints/InternalLogic/SubStemStarter.uasset" 481
"../../../../../../Users/Jadde/Documents/GitHub/WalkSim/Content/SmartSplineGen/Materials/GlowingVein_Mat.uasset" 482
"../../../../../../Users/Jadde/Documents/GitHub/WalkSim/Content/SmartSplineGen/Materials/GlowingVein_1_MatInst.uasset" 483
"../../../../../../Users/Jadde/Documents/GitHub/WalkSim/Content/SmartSplineGen/Meshes/StemCore/GlowStem_Middle_SM.uasset" 484
"../../../Engine/Content/Functions/Engine_MaterialFunctions02/Texturing/CustomRotator.uasset" 485
"../../../../../../Users/Jadde/Documents/GitHub/WalkSim/Content/SmartSplineGen/Materials/BasicEnviro/Liana_Mat.uasset" 486
"../../../../../../Users/Jadde/Documents/GitHub/WalkSim/Content/SmartSplineGen/Meshes/StemCore/Liana_Middle_SM.uasset" 487
"../../../../../../Users/Jadde/Documents/GitHub/WalkSim/Content/SmartSplineGen/Meshes/StemCore/StemCore_MP1_SM.uasset" 488
"../../../../../../Users/Jadde/Documents/GitHub/WalkSim/Content/SmartSplineGen/Blueprints/InternalLogic/StemSpline_BP.uasset" 489
"../../../../../../Users/Jadde/Documents/GitHub/WalkSim/Content/SmartSplineGen/Blueprints/PRESET_Flag1_BP.uasset" 490
"../../../../../../Users/Jadde/Documents/GitHub/WalkSim/Content/SmartSplineGen/Blueprints/PRESET_Ivy1_Var3_BP.uasset" 491
"../../../../../../Users/Jadde/Documents/GitHub/WalkSim/Content/SmartSplineGen/Blueprints/PRESET_Ivy1_BP.uasset" 492
"../../../../../../Users/Jadde/Documents/GitHub/WalkSim/Content/SmartSplineGen/Blueprints/PRESET_Ivy1_Single_BP.uasset" 493
"../../../../../../Users/Jadde/Documents/GitHub/WalkSim/Content/SmartSplineGen/Blueprints/PRESET_Ivy1_Single_Curved1_BP.uasset" 494
"../../../../../../Users/Jadde/Documents/GitHub/WalkSim/Content/SmartSplineGen/Blueprints/PRESET_Ivy1_WithFlowers1_BP.uasset" 495
"../../../../../../Users/Jadde/Documents/GitHub/WalkSim/Content/SmartSplineGen/Blueprints/PRESET_IvySingleLeaf1_BP.uasset" 496
"../../../../../../Users/Jadde/Documents/GitHub/WalkSim/Content/SmartSplineGen/Blueprints/PRESET_IvySingleStrand_BP.uasset" 497
"../../../../../../Users/Jadde/Documents/GitHub/WalkSim/Content/SmartSplineGen/Blueprints/PRESET_Ivy_SlowerLeaves_BP.uasset" 498
"../../../../../../Users/Jadde/Documents/GitHub/WalkSim/Content/SmartSplineGen/Blueprints/PRESET_Liana1_BP.uasset" 499
"../../../../../../Users/Jadde/Documents/GitHub/WalkSim/Content/SmartSplineGen/Materials/BasicEnviro/BasicFlag_Mat.uasset" 500
"../../../../../../Users/Jadde/Documents/GitHub/WalkSim/Content/SmartSplineGen/Meshes/Flag/flagSection1_LP_SM.uasset" 501
"../../../../../../Users/Jadde/Documents/GitHub/WalkSim/Content/SmartSplineGen/Meshes/Flag/flagSection1_SM.uasset" 502
"../../../../../../Users/Jadde/Documents/GitHub/WalkSim/Content/SmartSplineGen/Materials/Foliage/Flower_Mat.uasset" 503
"../../../../../../Users/Jadde/Documents/GitHub/WalkSim/Content/SmartSplineGen/Materials/Foliage/Flower2_MatInst.uasset" 504
"../../../../../../Users/Jadde/Documents/GitHub/WalkSim/Content/SmartSplineGen/Meshes/Leaves/Flower2_Mesh_SM.uasset" 505
"../../../Engine/Content/Functions/Engine_MaterialFunctions01/WorldPositionOffset/SimpleGrassWind.uasset" 506
"../../../../../../Users/Jadde/Documents/GitHub/WalkSim/Content/SmartSplineGen/Textures/BasicEnviro/Ivy_Color_Tex.uasset" 507
"../../../../../../Users/Jadde/Documents/GitHub/WalkSim/Content/SmartSplineGen/Textures/BasicEnviro/Ivy_Normal_Tex.uasset" 508
"../../../../../../Users/Jadde/Documents/GitHub/WalkSim/Content/SmartSplineGen/Textures/BasicEnviro/Ivy_Roughness_Tex.uasset" 509
"../../../../../../Users/Jadde/Documents/GitHub/WalkSim/Content/SmartSplineGen/Materials/Foliage/LeafMaterial_Mat.uasset" 510
"../../../../../../Users/Jadde/Documents/GitHub/WalkSim/Content/SmartSplineGen/Textures/BasicEnviro/IvySingleLeaf_Color_Tex.uasset" 511
"../../../../../../Users/Jadde/Documents/GitHub/WalkSim/Content/SmartSplineGen/Textures/BasicEnviro/IvySingleLeaf_Normal_Tex.uasset" 512
"../../../../../../Users/Jadde/Documents/GitHub/WalkSim/Content/SmartSplineGen/Materials/Foliage/IvySingle_MatInst.uasset" 513
"../../../../../../Users/Jadde/Documents/GitHub/WalkSim/Content/SmartSplineGen/Meshes/Leaves/IvyPlane_SM.uasset" 514
"../../../../../../Users/Jadde/Documents/GitHub/WalkSim/Content/SmartSplineGen/Materials/Foliage/Ivy_MatInst.uasset" 515
"../../../../../../Users/Jadde/Documents/GitHub/WalkSim/Content/SmartSplineGen/Meshes/Leaves/Ivy_SM.uasset" 516
"../../../../../../Users/Jadde/Documents/GitHub/WalkSim/Content/SmartSplineGen/Meshes/StemCore/Liana_End_SM.uasset" 517
"../../../../../../Users/Jadde/Documents/GitHub/WalkSim/Content/SmartSplineGen/Meshes/StemCore/Liana_Middle_LP_SM.uasset" 518
"../../../../../../Users/Jadde/Documents/GitHub/WalkSim/Content/SmartSplineGen/Meshes/StemCore/Liana_Start_SM.uasset" 519
"../../../../../../Users/Jadde/Documents/GitHub/WalkSim/Content/SmartSplineGen/Textures/BasicEnviro/Bark_Color_Tex.uasset" 520
"../../../../../../Users/Jadde/Documents/GitHub/WalkSim/Content/SmartSplineGen/Textures/BasicEnviro/Bark_Normal_Tex.uasset" 521
"../../../../../../Users/Jadde/Documents/GitHub/WalkSim/Content/SmartSplineGen/Textures/BasicEnviro/Bark_Roughness_Tex.uasset" 522
"../../../../../../Users/Jadde/Documents/GitHub/WalkSim/Content/SmartSplineGen/Textures/BasicEnviro/BasicFence_Color_Tex.uasset" 523
"../../../../../../Users/Jadde/Documents/GitHub/WalkSim/Content/SmartSplineGen/Textures/BasicEnviro/BasicFence_Normal_Tex.uasset" 524
"../../../../../../Users/Jadde/Documents/GitHub/WalkSim/Content/SmartSplineGen/Textures/BasicEnviro/BasicFence_Roughness_Tex.uasset" 525
"../../../../../../Users/Jadde/Documents/GitHub/WalkSim/Content/SmartSplineGen/Textures/BasicEnviro/BasicFlag_Color_Tex.uasset" 526
"../../../../../../Users/Jadde/Documents/GitHub/WalkSim/Content/SmartSplineGen/Textures/Flowers/FlowerReddish_Tex.uasset" 527
"../../../../../../Users/Jadde/Documents/GitHub/WalkSim/Content/SmartSplineGen/Textures/Flowers/FlowerViolet_Tex.uasset" 528
"../../../Engine/Content/Animation/DefaultAnimCurveCompressionSettings.uasset" 529
"../../../Engine/Content/ArtTools/RenderToTexture/Enums/RenderToTexture_Enum.uasset" 530
"../../../Engine/Content/ArtTools/RenderToTexture/Enums/RenderToTexture_Flipbook_Enum.uasset" 531
"../../../Engine/Content/Functions/MaterialLayerFunctions/MatLayerBlend_AO.uasset" 532
"../../../../../../Users/Jadde/Documents/GitHub/WalkSim/Content/UE4_Mannequin_Mobile/Materials/MaterialLayers/T_ML_Rubber_Blue_01_D.uasset" 533
"../../../../../../Users/Jadde/Documents/GitHub/WalkSim/Content/UE4_Mannequin_Mobile/Materials/MaterialLayers/T_ML_Rubber_Blue_01_N.uasset" 534
"../../../../../../Users/Jadde/Documents/GitHub/WalkSim/Content/UE4_Mannequin_Mobile/Materials/MaterialLayers/ML_GlossyBlack_Latex_UE4.uasset" 535
"../../../../../../Users/Jadde/Documents/GitHub/WalkSim/Content/UE4_Mannequin_Mobile/Materials/MaterialLayers/ML_Plastic_Shiny_Beige.uasset" 536
"../../../../../../Users/Jadde/Documents/GitHub/WalkSim/Content/UE4_Mannequin_Mobile/Textures/UE4_LOGO_CARD.uasset" 537
"../../../../../../Users/Jadde/Documents/GitHub/WalkSim/Content/UE4_Mannequin_Mobile/Materials/MaterialLayers/ML_Plastic_Shiny_Beige_LOGO.uasset" 538
"../../../../../../Users/Jadde/Documents/GitHub/WalkSim/Content/UE4_Mannequin_Mobile/Materials/MaterialLayers/T_ML_Aluminum01.uasset" 539
"../../../../../../Users/Jadde/Documents/GitHub/WalkSim/Content/UE4_Mannequin_Mobile/Materials/MaterialLayers/T_ML_Aluminum01_N.uasset" 540
"../../../../../../Users/Jadde/Documents/GitHub/WalkSim/Content/UE4_Mannequin_Mobile/Materials/MaterialLayers/ML_SoftMetal_UE4.uasset" 541
"../../../../../../Users/Jadde/Documents/GitHub/WalkSim/Content/UE4_Mannequin_Mobile/Textures/T_UE4_Mannequin_Mobile_M.uasset" 542
"../../../../../../Users/Jadde/Documents/GitHub/WalkSim/Content/UE4_Mannequin_Mobile/Textures/T_UE4_Mannequin_Mobile_N.uasset" 543
"../../../../../../Users/Jadde/Documents/GitHub/WalkSim/Content/UE4_Mannequin_Mobile/Textures/T_UE4_Mannequin_Mobile_O.uasset" 544
"../../../../../../Users/Jadde/Documents/GitHub/WalkSim/Content/UE4_Mannequin_Mobile/Materials/M_UE4Man_Body.uasset" 545
"../../../../../../Users/Jadde/Documents/GitHub/WalkSim/Content/UE4_Mannequin_Mobile/Textures/UE4Man_Logo_N.uasset" 546
"../../../../../../Users/Jadde/Documents/GitHub/WalkSim/Content/UE4_Mannequin_Mobile/Materials/M_UE4Man_ChestLogo.uasset" 547
"../../../../../../Users/Jadde/Documents/GitHub/WalkSim/Content/UE4_Mannequin_Mobile/Mesh/SK_Mannequin_Mobile_PhysicsAsset.uasset" 548
"../../../../../../Users/Jadde/Documents/GitHub/WalkSim/Content/UE4_Mannequin_Mobile/Mesh/SK_Mannequin_Mobile_Skeleton.uasset" 549
"../../../../../../Users/Jadde/Documents/GitHub/WalkSim/Content/UE4_Mannequin_Mobile/Mesh/SK_Mannequin_Mobile.uasset" 550
"../../Plugins/2D/Paper2D/Content/PlaceholderTextures/DummySpriteTexture.uasset" 551
"../../Plugins/2D/Paper2D/Content/DummySprite.uasset" 552
"../../Plugins/2D/Paper2D/Content/DefaultPaperTerrainMaterial.uasset" 553
"../../Plugins/2D/Paper2D/Content/DefaultSpriteMaterial.uasset" 554
"../../Plugins/2D/Paper2D/Content/MaskedUnlitSpriteMaterial.uasset" 555
"../../Plugins/2D/Paper2D/Content/OpaqueUnlitSpriteMaterial.uasset" 556
"../../Plugins/Enterprise/DatasmithContent/Content/Blueprints/FBXImporter/FBXImporterUtils.uasset" 557
"../../../Engine/Content/Functions/Engine_MaterialFunctions02/Utility/BreakOutFloat4Components.uasset" 558
"../../Plugins/Runtime/Oculus/OculusVR/Content/Materials/OculusMR_ChromaKey.uasset" 559
"../../Plugins/Runtime/Oculus/OculusVR/Content/Materials/OculusMR_ChromaKey_Lit.uasset" 560
"../../Plugins/Runtime/Oculus/OculusVR/Content/Materials/OculusMR_OpaqueColoredMaterial.uasset" 561
"../../Plugins/Runtime/Oculus/OculusVR/Content/Materials/OculusMR_WhiteMaterial.uasset" 562
"../../../Engine/Content/Maps/Entry_BuiltData.uasset" 563
"../../../Engine/Content/Maps/Entry.umap" 564
"../../../Engine/Content/EngineSky/C_Sky_Cloud_Color.uasset" 565
"../../../Engine/Content/EngineSky/C_Sky_Horizon_Color.uasset" 566
"../../../Engine/Content/EngineSky/C_Sky_Zenith_Color.uasset" 567
"../../../Engine/Content/EngineSky/T_Sky_Blue.uasset" 568
"../../../Engine/Content/EngineSky/T_Sky_Clouds_M.uasset" 569
"../../../Engine/Content/EngineSky/T_Sky_Stars.uasset" 570
"../../../Engine/Content/EngineSky/M_Sky_Panning_Clouds2.uasset" 571
"../../../Engine/Content/EngineSky/SM_SkySphere.uasset" 572
"../../../Engine/Content/EngineSky/BP_Sky_Sphere.uasset" 573
"../../../Engine/Content/BasicShapes/BasicShapeMaterial.uasset" 574
"../../../../../../Users/Jadde/Documents/GitHub/WalkSim/Content/Assets/Sphere.uasset" 575
"../../../../../../Users/Jadde/Documents/GitHub/WalkSim/Content/Blueprints/Hidefunction_BP.uasset" 576
"../../../../../../Users/Jadde/Documents/GitHub/WalkSim/Content/JAN_PipeB_OBJ_HIGH.uasset" 577
"../../../../../../Users/Jadde/Documents/GitHub/WalkSim/Content/Blueprints/PipeSpline.uasset" 578
"../../../../../../Users/Jadde/Documents/GitHub/WalkSim/Content/SmartSplineGen/Blueprints/PRESET_Fence1_BP.uasset" 579
"../../../../../../Users/Jadde/Documents/GitHub/WalkSim/Content/Maps/Main_BuiltData.uasset" 580
"../../../../../../Users/Jadde/Documents/GitHub/WalkSim/Content/Materials/DefaultWhite_MAT.uasset" 581
"../../../Engine/Content/Functions/Engine_MaterialFunctions03/Blends/Blend_Overlay.uasset" 582
"../../../../../../Users/Jadde/Documents/GitHub/WalkSim/Content/Textures/JAN_Area2_MarbleFloor_TEXT/JAN_FloorA_LOW_lambert2_BaseColor.uasset" 583
"../../../../../../Users/Jadde/Documents/GitHub/WalkSim/Content/Textures/JAN_Area2_MarbleFloor_TEXT/JAN_FloorA_LOW_lambert2_Normal.uasset" 584
"../../../../../../Users/Jadde/Documents/GitHub/WalkSim/Content/Textures/JAN_Area2_MarbleFloor_TEXT/JAN_FloorA_LOW_lambert2_OcclusionRoughnessMetallic.uasset" 585
"../../../../../../Users/Jadde/Documents/GitHub/WalkSim/Content/Textures/JAN_MarbleFloor02_TEXT/JAN_FloorA_LOW_lambert2_BaseColor.uasset" 586
"../../../../../../Users/Jadde/Documents/GitHub/WalkSim/Content/Materials/Floor_MAT/MarbleFloor_MAT.uasset" 587
"../../../../../../Users/Jadde/Documents/GitHub/WalkSim/Content/Materials/MasterClass_hide_2.uasset" 588
"../../../Engine/Content/BasicShapes/Cube.uasset" 589
"../../../Engine/Content/MapTemplates/SM_Template_Map_Floor.uasset" 590
"../../../../../../Users/Jadde/Documents/GitHub/WalkSim/Content/SmartSplineGen/Materials/BasicEnviro/BasicFence_Mat.uasset" 591
"../../../../../../Users/Jadde/Documents/GitHub/WalkSim/Content/SmartSplineGen/Meshes/Fence/basicFence1_EndSection_SM.uasset" 592
"../../../../../../Users/Jadde/Documents/GitHub/WalkSim/Content/SmartSplineGen/Meshes/Fence/basicFence1_MiddleSection_SM.uasset" 593
"../../../../../../Users/Jadde/Documents/GitHub/WalkSim/Content/SmartSplineGen/Meshes/Fence/basicFence1_StartSection_SM.uasset" 594
"../../../../../../Users/Jadde/Documents/GitHub/WalkSim/Content/Maps/Main.umap" 595
